Arguments: 
  D:\nodejs\node.exe C:\Users\Cr-Dy\AppData\Roaming\npm\node_modules\yarn\bin\yarn.js add antd

PATH: 
  C:\windows\system32;C:\windows;C:\windows\System32\Wbem;C:\windows\System32\WindowsPowerShell\v1.0\;C:\windows\System32\OpenSSH\;C:\Program Files (x86)\NVIDIA Corporation\PhysX\Common;C:\Program Files\NVIDIA Corporation\NVIDIA NvDLISR;D:\nodejs\;D:\Git\cmd;D:\TortoiseGit\bin;C:\Users\Cr-Dy\AppData\Local\Microsoft\WindowsApps;;D:\Microsoft VS Code\bin;C:\Users\Cr-Dy\AppData\Roaming\npm;D:\Bandizip\

Yarn version: 
  1.22.0

Node version: 
  12.16.0

Platform: 
  win32 x64

Trace: 
  Error: ENOENT: no such file or directory, copyfile 'C:\Users\Cr-Dy\AppData\Local\Yarn\Cache\v6\npm-regjsgen-0.5.1-48f0bf1a5ea205196929c0d9798b42d1ed98443c-integrity\node_modules\regjsgen\regjsgen.js' -> 'D:\porject\liebiao\node_modules\@babel\helper-create-regexp-features-plugin\node_modules\regjsgen\regjsgen.js'

npm manifest: 
  {
    "private": true,
    "scripts": {
      "start": "roadhog server",
      "build": "roadhog build",
      "lint": "eslint --ext .js src test",
      "precommit": "npm run lint"
    },
    "dependencies": {
      "dva": "^2.4.1",
      "react": "^16.2.0",
      "react-dom": "^16.2.0"
    },
    "devDependencies": {
      "babel-plugin-dva-hmr": "^0.3.2",
      "eslint": "^4.14.0",
      "eslint-config-umi": "^0.1.1",
      "eslint-plugin-flowtype": "^2.34.1",
      "eslint-plugin-import": "^2.6.0",
      "eslint-plugin-jsx-a11y": "^5.1.1",
      "eslint-plugin-react": "^7.1.0",
      "husky": "^0.12.0",
      "redbox-react": "^1.4.3",
      "roadhog": "^2.5.0-beta.4"
    }
  }

yarn manifest: 
  No manifest

Lockfile: 
  No lockfile
